[debug] [2024-09-11T15:01:33.083Z] ----------------------------------------------------------------------
[debug] [2024-09-11T15:01:33.084Z] Command:       /Users/tagir/.nvm/versions/node/v20.11.1/bin/node /Users/tagir/.nvm/versions/node/v20.11.1/bin/firebase deploy --only hosting
[debug] [2024-09-11T15:01:33.084Z] CLI Version:   13.16.0
[debug] [2024-09-11T15:01:33.085Z] Platform:      darwin
[debug] [2024-09-11T15:01:33.085Z] Node Version:  v20.11.1
[debug] [2024-09-11T15:01:33.085Z] Time:          Wed Sep 11 2024 17:01:33 GMT+0200 (Central European Summer Time)
[debug] [2024-09-11T15:01:33.085Z] ----------------------------------------------------------------------
[debug] 
[debug] [2024-09-11T15:01:33.118Z] > command requires scopes: ["email","openid","https://www.googleapis.com/auth/cloudplatformprojects.readonly","https://www.googleapis.com/auth/firebase","https://www.googleapis.com/auth/cloud-platform"]
[debug] [2024-09-11T15:01:33.118Z] > authorizing via signed-in user (sharipovtagir095@gmail.com)
[debug] [2024-09-11T15:01:33.118Z] [iam] checking project ascom-ebdee for permissions ["firebase.projects.get","firebasehosting.sites.update"]
[debug] [2024-09-11T15:01:33.119Z] > refreshing access token with scopes: []
[debug] [2024-09-11T15:01:33.120Z] >>> [apiv2][query] POST https://www.googleapis.com/oauth2/v3/token [none]
[debug] [2024-09-11T15:01:33.120Z] >>> [apiv2][body] POST https://www.googleapis.com/oauth2/v3/token [omitted]
[debug] [2024-09-11T15:01:33.286Z] <<< [apiv2][status] POST https://www.googleapis.com/oauth2/v3/token 400
[debug] [2024-09-11T15:01:33.286Z] <<< [apiv2][body] POST https://www.googleapis.com/oauth2/v3/token [omitted]
[debug] [2024-09-11T15:01:33.286Z] >>> [apiv2][query] POST https://cloudresourcemanager.googleapis.com/v1/projects/ascom-ebdee:testIamPermissions [none]
[debug] [2024-09-11T15:01:33.286Z] >>> [apiv2][(partial)header] POST https://cloudresourcemanager.googleapis.com/v1/projects/ascom-ebdee:testIamPermissions x-goog-quota-user=projects/ascom-ebdee
[debug] [2024-09-11T15:01:33.286Z] >>> [apiv2][body] POST https://cloudresourcemanager.googleapis.com/v1/projects/ascom-ebdee:testIamPermissions {"permissions":["firebase.projects.get","firebasehosting.sites.update"]}
[debug] [2024-09-11T15:01:34.079Z] <<< [apiv2][status] POST https://cloudresourcemanager.googleapis.com/v1/projects/ascom-ebdee:testIamPermissions 401
[debug] [2024-09-11T15:01:34.080Z] <<< [apiv2][body] POST https://cloudresourcemanager.googleapis.com/v1/projects/ascom-ebdee:testIamPermissions {"error":{"code":401,"message":"Request had invalid authentication credentials. Expected OAuth 2 access token, login cookie or other valid authentication credential. See https://developers.google.com/identity/sign-in/web/devconsole-project.","status":"UNAUTHENTICATED","details":[{"@type":"type.googleapis.com/google.rpc.ErrorInfo","reason":"ACCESS_TOKEN_TYPE_UNSUPPORTED","metadata":{"service":"cloudresourcemanager.googleapis.com","method":"google.cloudresourcemanager.v1.Projects.TestIamPermissions"}}]}}
[debug] [2024-09-11T15:01:34.081Z] [iam] error while checking permissions, command may fail: FirebaseError: HTTP Error: 401, Request had invalid authentication credentials. Expected OAuth 2 access token, login cookie or other valid authentication credential. See https://developers.google.com/identity/sign-in/web/devconsole-project.
[debug] [2024-09-11T15:01:34.082Z] > refreshing access token with scopes: []
[debug] [2024-09-11T15:01:34.083Z] >>> [apiv2][query] POST https://www.googleapis.com/oauth2/v3/token [none]
[debug] [2024-09-11T15:01:34.083Z] >>> [apiv2][body] POST https://www.googleapis.com/oauth2/v3/token [omitted]
[debug] [2024-09-11T15:01:34.144Z] <<< [apiv2][status] POST https://www.googleapis.com/oauth2/v3/token 400
[debug] [2024-09-11T15:01:34.144Z] <<< [apiv2][body] POST https://www.googleapis.com/oauth2/v3/token [omitted]
[debug] [2024-09-11T15:01:34.145Z] >>> [apiv2][query] GET https://firebase.googleapis.com/v1beta1/projects/ascom-ebdee [none]
[debug] [2024-09-11T15:01:34.261Z] <<< [apiv2][status] GET https://firebase.googleapis.com/v1beta1/projects/ascom-ebdee 401
[debug] [2024-09-11T15:01:34.262Z] <<< [apiv2][body] GET https://firebase.googleapis.com/v1beta1/projects/ascom-ebdee {"error":{"code":401,"message":"Request had invalid authentication credentials. Expected OAuth 2 access token, login cookie or other valid authentication credential. See https://developers.google.com/identity/sign-in/web/devconsole-project.","status":"UNAUTHENTICATED"}}
[debug] [2024-09-11T15:01:34.262Z] HTTP Error: 401, Request had invalid authentication credentials. Expected OAuth 2 access token, login cookie or other valid authentication credential. See https://developers.google.com/identity/sign-in/web/devconsole-project.
[error] 
[error] Error: Assertion failed: resolving hosting target of a site with no site name or target name. This should have caused an error earlier
